<?xml version="1.0" encoding="UTF-8"?>
<!-- Generated by org.testng.reporters.JUnitXMLReporter -->
<testsuite hostname="MDs-MacBook-Air.fios-router.home" ignored="0" name="Test" tests="5" failures="0" timestamp="2019-11-10T18:08:45 EST" time="48.13" errors="0">
  <testcase name="FandangoLoginTest" time="10.511" classname="tests.FandangoHomePage"/>
  <testcase name="LogoVisibilityTest" time="0.085" classname="tests.FandangoHomePage"/>
  <testcase name="FandangoTittleTest" time="0.01" classname="tests.FandangoHomePage"/>
  <testcase name="FandangoURL" time="0.01" classname="tests.FandangoHomePage"/>
  <testcase name="LogoEnableTest" time="0.03" classname="tests.FandangoHomePage"/>
</testsuite> <!-- Test -->
