<?xml version="1.0" encoding="UTF-8"?>
<!-- Generated by org.testng.reporters.JUnitXMLReporter -->
<testsuite hostname="MDs-MacBook-Air.fios-router.home" ignored="0" name="Test" tests="5" failures="1" timestamp="2019-10-29T00:31:08 EDT" time="28.497" errors="0">
  <testcase name="LogoVisibilityTest" time="0.0" classname="tests.FandangoHomePage">
    <failure type="org.testng.TestNGException" message="
Cannot inject @Test annotated Method [LogoVisibilityTest] with [class java.lang.String].
For more information on native dependency injection please refer to http://testng.org/doc/documentation-main.html#native-dependency-injection">
      <![CDATA[org.testng.TestNGException: 
Cannot inject @Test annotated Method [LogoVisibilityTest] with [class java.lang.String].
For more information on native dependency injection please refer to http://testng.org/doc/documentation-main.html#native-dependency-injection
at java.util.ArrayList.forEach(ArrayList.java:1257)
... Removed 25 stack frames]]>
    </failure>
  </testcase> <!-- LogoVisibilityTest -->
  <testcase name="FandangoLoginTest" time="7.821" classname="tests.FandangoHomePage"/>
  <testcase name="FandangoTittleTest" time="0.065" classname="tests.FandangoHomePage"/>
  <testcase name="FandangoURL" time="0.051" classname="tests.FandangoHomePage"/>
  <testcase name="LogoEnableTest" time="0.0" classname="tests.FandangoHomePage">
    <skipped/>
  </testcase> <!-- LogoEnableTest -->
</testsuite> <!-- Test -->
