<?xml version="1.0" encoding="UTF-8"?>
<testng-results skipped="1" failed="1" ignored="0" total="5" passed="3">
  <reporter-output>
  </reporter-output>
  <suite name="Suite" duration-ms="33363" started-at="2019-11-08T21:02:58 EST" finished-at="2019-11-08T21:03:31 EST">
    <groups>
    </groups>
    <test name="Test" duration-ms="33363" started-at="2019-11-08T21:02:58 EST" finished-at="2019-11-08T21:03:31 EST">
      <class name="tests.FandangoHomePage">
        <test-method status="FAIL" signature="LogoVisibilityTest(java.lang.String)[pri:0, instance:tests.FandangoHomePage@3a5ed7a6]" name="LogoVisibilityTest" duration-ms="0" started-at="2019-11-08T21:02:58 EST" finished-at="2019-11-08T21:02:58 EST">
          <exception class="org.testng.TestNGException">
            <message>
              <![CDATA[
Cannot inject @Test annotated Method [LogoVisibilityTest] with [class java.lang.String].
For more information on native dependency injection please refer to http://testng.org/doc/documentation-main.html#native-dependency-injection]]>
            </message>
            <full-stacktrace>
              <![CDATA[org.testng.TestNGException: 
Cannot inject @Test annotated Method [LogoVisibilityTest] with [class java.lang.String].
For more information on native dependency injection please refer to http://testng.org/doc/documentation-main.html#native-dependency-injection
at org.testng.internal.Parameters.checkParameterTypes(Parameters.java:458)
at org.testng.internal.Parameters.createParametersForMethod(Parameters.java:372)
at org.testng.internal.Parameters.createParameters(Parameters.java:729)
at org.testng.internal.Parameters.handleParameters(Parameters.java:895)
at org.testng.internal.Parameters.handleParameters(Parameters.java:762)
at org.testng.internal.ParameterHandler.handleParameters(ParameterHandler.java:60)
at org.testng.internal.ParameterHandler.createParameters(ParameterHandler.java:39)
at org.testng.internal.TestInvoker$MethodInvocationAgent.invoke(TestInvoker.java:771)
at org.testng.internal.TestInvoker.invokeTestMethods(TestInvoker.java:145)
at org.testng.internal.TestMethodWorker.invokeTestMethods(TestMethodWorker.java:146)
at org.testng.internal.TestMethodWorker.run(TestMethodWorker.java:128)
at java.util.ArrayList.forEach(ArrayList.java:1257)
at org.testng.TestRunner.privateRun(TestRunner.java:770)
at org.testng.TestRunner.run(TestRunner.java:591)
at org.testng.SuiteRunner.runTest(SuiteRunner.java:402)
at org.testng.SuiteRunner.runSequentially(SuiteRunner.java:396)
at org.testng.SuiteRunner.privateRun(SuiteRunner.java:355)
at org.testng.SuiteRunner.run(SuiteRunner.java:304)
at org.testng.SuiteRunnerWorker.runSuite(SuiteRunnerWorker.java:53)
at org.testng.SuiteRunnerWorker.run(SuiteRunnerWorker.java:96)
at org.testng.TestNG.runSuitesSequentially(TestNG.java:1180)
at org.testng.TestNG.runSuitesLocally(TestNG.java:1102)
at org.testng.TestNG.runSuites(TestNG.java:1032)
at org.testng.TestNG.run(TestNG.java:1000)
at org.testng.remote.AbstractRemoteTestNG.run(AbstractRemoteTestNG.java:115)
at org.testng.remote.RemoteTestNG.initAndRun(RemoteTestNG.java:251)
at org.testng.remote.RemoteTestNG.main(RemoteTestNG.java:77)
]]>
            </full-stacktrace>
          </exception> <!-- org.testng.TestNGException -->
          <reporter-output>
          </reporter-output>
        </test-method> <!-- LogoVisibilityTest -->
        <test-method status="PASS" signature="setup(java.lang.String)[pri:0, instance:tests.FandangoHomePage@3a5ed7a6]" name="setup" is-config="true" duration-ms="9544" started-at="2019-11-08T21:02:58 EST" finished-at="2019-11-08T21:03:07 EST">
          <params>
            <param index="0">
              <value>
                <![CDATA[chrome]]>
              </value>
            </param>
          </params>
          <reporter-output>
          </reporter-output>
        </test-method> <!-- setup -->
        <test-method status="PASS" signature="FandangoLoginTest()[pri:0, instance:tests.FandangoHomePage@3a5ed7a6]" name="FandangoLoginTest" duration-ms="6644" started-at="2019-11-08T21:03:07 EST" finished-at="2019-11-08T21:03:14 EST">
          <reporter-output>
          </reporter-output>
        </test-method> <!-- FandangoLoginTest -->
        <test-method status="PASS" signature="closebrowser()[pri:0, instance:tests.FandangoHomePage@3a5ed7a6]" name="closebrowser" is-config="true" duration-ms="309" started-at="2019-11-08T21:03:14 EST" finished-at="2019-11-08T21:03:14 EST">
          <reporter-output>
          </reporter-output>
        </test-method> <!-- closebrowser -->
        <test-method status="PASS" signature="setup(java.lang.String)[pri:0, instance:tests.FandangoHomePage@3a5ed7a6]" name="setup" is-config="true" duration-ms="8230" started-at="2019-11-08T21:03:14 EST" finished-at="2019-11-08T21:03:22 EST">
          <params>
            <param index="0">
              <value>
                <![CDATA[chrome]]>
              </value>
            </param>
          </params>
          <reporter-output>
          </reporter-output>
        </test-method> <!-- setup -->
        <test-method status="PASS" signature="FandangoTittleTest()[pri:0, instance:tests.FandangoHomePage@3a5ed7a6]" name="FandangoTittleTest" duration-ms="10" started-at="2019-11-08T21:03:22 EST" finished-at="2019-11-08T21:03:22 EST">
          <reporter-output>
          </reporter-output>
        </test-method> <!-- FandangoTittleTest -->
        <test-method status="PASS" signature="closebrowser()[pri:0, instance:tests.FandangoHomePage@3a5ed7a6]" name="closebrowser" is-config="true" duration-ms="262" started-at="2019-11-08T21:03:22 EST" finished-at="2019-11-08T21:03:23 EST">
          <reporter-output>
          </reporter-output>
        </test-method> <!-- closebrowser -->
        <test-method status="PASS" signature="setup(java.lang.String)[pri:0, instance:tests.FandangoHomePage@3a5ed7a6]" name="setup" is-config="true" duration-ms="8003" started-at="2019-11-08T21:03:23 EST" finished-at="2019-11-08T21:03:31 EST">
          <params>
            <param index="0">
              <value>
                <![CDATA[chrome]]>
              </value>
            </param>
          </params>
          <reporter-output>
          </reporter-output>
        </test-method> <!-- setup -->
        <test-method status="PASS" signature="FandangoURL()[pri:0, instance:tests.FandangoHomePage@3a5ed7a6]" name="FandangoURL" duration-ms="8" started-at="2019-11-08T21:03:31 EST" finished-at="2019-11-08T21:03:31 EST">
          <reporter-output>
          </reporter-output>
        </test-method> <!-- FandangoURL -->
        <test-method status="PASS" signature="closebrowser()[pri:0, instance:tests.FandangoHomePage@3a5ed7a6]" name="closebrowser" is-config="true" duration-ms="237" started-at="2019-11-08T21:03:31 EST" finished-at="2019-11-08T21:03:31 EST">
          <reporter-output>
          </reporter-output>
        </test-method> <!-- closebrowser -->
        <test-method status="SKIP" signature="LogoEnableTest(java.lang.String)[pri:0, instance:tests.FandangoHomePage@3a5ed7a6]" name="LogoEnableTest" duration-ms="0" started-at="2019-11-08T21:03:31 EST" depends-on-methods="tests.FandangoHomePage.LogoVisibilityTest" finished-at="2019-11-08T21:03:31 EST">
          <exception class="java.lang.Throwable">
            <message>
              <![CDATA[Method FandangoHomePage.LogoEnableTest(java.lang.String)[pri:0, instance:tests.FandangoHomePage@3a5ed7a6] depends on not successfully finished methods]]>
            </message>
            <full-stacktrace>
              <![CDATA[java.lang.Throwable: Method FandangoHomePage.LogoEnableTest(java.lang.String)[pri:0, instance:tests.FandangoHomePage@3a5ed7a6] depends on not successfully finished methods
at org.testng.internal.TestInvoker.invokeTestMethods(TestInvoker.java:99)
at org.testng.internal.TestMethodWorker.invokeTestMethods(TestMethodWorker.java:146)
at org.testng.internal.TestMethodWorker.run(TestMethodWorker.java:128)
at java.util.ArrayList.forEach(ArrayList.java:1257)
at org.testng.TestRunner.privateRun(TestRunner.java:770)
at org.testng.TestRunner.run(TestRunner.java:591)
at org.testng.SuiteRunner.runTest(SuiteRunner.java:402)
at org.testng.SuiteRunner.runSequentially(SuiteRunner.java:396)
at org.testng.SuiteRunner.privateRun(SuiteRunner.java:355)
at org.testng.SuiteRunner.run(SuiteRunner.java:304)
at org.testng.SuiteRunnerWorker.runSuite(SuiteRunnerWorker.java:53)
at org.testng.SuiteRunnerWorker.run(SuiteRunnerWorker.java:96)
at org.testng.TestNG.runSuitesSequentially(TestNG.java:1180)
at org.testng.TestNG.runSuitesLocally(TestNG.java:1102)
at org.testng.TestNG.runSuites(TestNG.java:1032)
at org.testng.TestNG.run(TestNG.java:1000)
at org.testng.remote.AbstractRemoteTestNG.run(AbstractRemoteTestNG.java:115)
at org.testng.remote.RemoteTestNG.initAndRun(RemoteTestNG.java:251)
at org.testng.remote.RemoteTestNG.main(RemoteTestNG.java:77)
]]>
            </full-stacktrace>
          </exception> <!-- java.lang.Throwable -->
          <reporter-output>
          </reporter-output>
        </test-method> <!-- LogoEnableTest -->
      </class> <!-- tests.FandangoHomePage -->
    </test> <!-- Test -->
  </suite> <!-- Suite -->
</testng-results>
